<?xml version="1.0" encoding="UTF-8"?>
<!-- Generated by org.testng.reporters.JUnitXMLReporter -->
<testsuite ignored="0" hostname="DESKTOP-TORV7AO" failures="2" tests="2" name="CSSTest" time="7.878" errors="0" timestamp="2025-03-03T14:32:32 IST">
  <testcase classname="testPackage.CSSFinal" name="testPhoneInputAndNextButton" time="0.012">
    <failure type="java.lang.AssertionError" message="Test failed due to unexpected error: Cannot invoke &amp;quot;org.openqa.selenium.support.ui.WebDriverWait.until(java.util.function.Function)&amp;quot; because &amp;quot;this.wait&amp;quot; is null">
      <![CDATA[java.lang.AssertionError: Test failed due to unexpected error: Cannot invoke "org.openqa.selenium.support.ui.WebDriverWait.until(java.util.function.Function)" because "this.wait" is null
at testPackage.CSSFinal.testPhoneInputAndNextButton(CSSFinal.java:97)
at java.base/java.util.ArrayList.forEach(ArrayList.java:1597)
... Removed 25 stack frames]]>
    </failure>
  </testcase> <!-- testPhoneInputAndNextButton -->
  <testcase classname="testPackage.CSSPassword" name="testEnterPasswordAndSubmit" time="0.003">
    <failure type="java.lang.AssertionError" message="Test failed due to unexpected error: Cannot invoke &amp;quot;org.openqa.selenium.support.ui.WebDriverWait.until(java.util.function.Function)&amp;quot; because &amp;quot;this.wait&amp;quot; is null">
      <![CDATA[java.lang.AssertionError: Test failed due to unexpected error: Cannot invoke "org.openqa.selenium.support.ui.WebDriverWait.until(java.util.function.Function)" because "this.wait" is null
at testPackage.CSSPassword.testEnterPasswordAndSubmit(CSSPassword.java:101)
at java.base/java.util.ArrayList.forEach(ArrayList.java:1597)
... Removed 25 stack frames]]>
    </failure>
  </testcase> <!-- testEnterPasswordAndSubmit -->
</testsuite> <!-- CSSTest -->
